2025-07-01 10:16:17 - src.utils.logger - INFO - Logging initialized - Level: INFO, File: C:\Users\JJ\Desktop\Clide-Bot\logs\pump_bot.log
2025-07-01 10:16:17 - main - INFO - ============================================================
2025-07-01 10:16:17 - main - INFO - Starting Solana pump.fun sniping bot
2025-07-01 10:16:17 - main - INFO - ============================================================
2025-07-01 10:16:17 - config - INFO - Loaded settings from C:\Users\JJ\Desktop\Clide-Bot\src\utils\../../config\settings.json
2025-07-01 10:16:17 - config - INFO - Loaded wallet data from C:\Users\JJ\Desktop\Clide-Bot\src\utils\../../config\wallet.json
2025-07-01 10:16:17 - config - INFO - Loaded sell strategy from C:\Users\JJ\Desktop\Clide-Bot\src\utils\../../config\sell_strategy.yaml
2025-07-01 10:16:17 - config - INFO - All configurations loaded successfully
2025-07-01 10:16:17 - main - INFO - Configurations loaded successfully
2025-07-01 10:16:18 - main - ERROR - Error starting bot: cannot import name 'TradingSettings' from 'src.utils.config' (C:\Users\JJ\Desktop\Clide-Bot\src\utils\config.py) | exc_info=True | error_count=1
Traceback (most recent call last):
  File "C:\Users\JJ\Desktop\Clide-Bot\src\main.py", line 54, in start_bot
    from src.trading.strategy_engine import initialize_strategy_engine
  File "C:\Users\JJ\Desktop\Clide-Bot\src\trading\strategy_engine.py", line 11, in <module>
    from src.utils.config import config_manager, TradingSettings
ImportError: cannot import name 'TradingSettings' from 'src.utils.config' (C:\Users\JJ\Desktop\Clide-Bot\src\utils\config.py)
2025-07-01 10:20:35 - main - INFO - Received shutdown signal: 2
2025-07-01 10:20:35 - main - INFO - ============================================================
2025-07-01 10:20:35 - main - INFO - Stopping Solana pump.fun sniping bot...
2025-07-01 10:20:35 - main - WARNING - Some components could not be imported for shutdown: cannot import name 'TradingSettings' from 'src.utils.config' (C:\Users\JJ\Desktop\Clide-Bot\src\utils\config.py)
2025-07-01 10:20:35 - main - INFO - Bot stopped successfully
2025-07-01 10:20:35 - main - INFO - ============================================================
2025-07-01 10:20:35 - asyncio - ERROR - Task exception was never retrieved
future: <Task finished name='Task-2' coro=<start_bot() done, defined at C:\Users\JJ\Desktop\Clide-Bot\src\main.py:40> exception=ImportError("cannot import name 'TradingSettings' from 'src.utils.config' (C:\\Users\\JJ\\Desktop\\Clide-Bot\\src\\utils\\config.py)")>
Traceback (most recent call last):
  File "C:\Users\JJ\Desktop\Clide-Bot\src\main.py", line 54, in start_bot
    from src.trading.strategy_engine import initialize_strategy_engine
  File "C:\Users\JJ\Desktop\Clide-Bot\src\trading\strategy_engine.py", line 11, in <module>
    from src.utils.config import config_manager, TradingSettings
ImportError: cannot import name 'TradingSettings' from 'src.utils.config' (C:\Users\JJ\Desktop\Clide-Bot\src\utils\config.py)
2025-07-01 10:20:46 - src.utils.logger - INFO - Logging initialized - Level: INFO, File: C:\Users\JJ\Desktop\Clide-Bot\logs\pump_bot.log
2025-07-01 10:20:46 - main - INFO - ============================================================
2025-07-01 10:20:46 - main - INFO - Starting Solana pump.fun sniping bot
2025-07-01 10:20:46 - main - INFO - ============================================================
2025-07-01 10:20:46 - config - INFO - Loaded settings from C:\Users\JJ\Desktop\Clide-Bot\src\utils\../../config\settings.json
2025-07-01 10:20:46 - config - INFO - Loaded wallet data from C:\Users\JJ\Desktop\Clide-Bot\src\utils\../../config\wallet.json
2025-07-01 10:20:46 - config - INFO - Loaded sell strategy from C:\Users\JJ\Desktop\Clide-Bot\src\utils\../../config\sell_strategy.yaml
2025-07-01 10:20:46 - config - INFO - All configurations loaded successfully
2025-07-01 10:20:46 - main - INFO - Configurations loaded successfully
2025-07-01 10:20:47 - main - ERROR - Error starting bot: No module named 'src.monitoring.position_tracker' | exc_info=True | error_count=1
Traceback (most recent call last):
  File "C:\Users\JJ\Desktop\Clide-Bot\src\main.py", line 54, in start_bot
    from src.trading.strategy_engine import initialize_strategy_engine
  File "C:\Users\JJ\Desktop\Clide-Bot\src\trading\strategy_engine.py", line 15, in <module>
    from src.monitoring.position_tracker import position_tracker
ModuleNotFoundError: No module named 'src.monitoring.position_tracker'
2025-07-01 10:21:01 - main - INFO - Received shutdown signal: 2
2025-07-01 10:21:01 - main - INFO - ============================================================
2025-07-01 10:21:01 - main - INFO - Stopping Solana pump.fun sniping bot...
2025-07-01 10:21:01 - main - WARNING - Some components could not be imported for shutdown: No module named 'src.monitoring.position_tracker'
2025-07-01 10:21:01 - main - INFO - Bot stopped successfully
2025-07-01 10:21:01 - main - INFO - ============================================================
2025-07-01 10:21:01 - asyncio - ERROR - Task exception was never retrieved
future: <Task finished name='Task-2' coro=<start_bot() done, defined at C:\Users\JJ\Desktop\Clide-Bot\src\main.py:40> exception=ModuleNotFoundError("No module named 'src.monitoring.position_tracker'")>
Traceback (most recent call last):
  File "C:\Users\JJ\Desktop\Clide-Bot\src\main.py", line 54, in start_bot
    from src.trading.strategy_engine import initialize_strategy_engine
  File "C:\Users\JJ\Desktop\Clide-Bot\src\trading\strategy_engine.py", line 15, in <module>
    from src.monitoring.position_tracker import position_tracker
ModuleNotFoundError: No module named 'src.monitoring.position_tracker'
2025-07-01 10:23:20 - src.utils.logger - INFO - Logging initialized - Level: INFO, File: C:\Users\JJ\Desktop\Clide-Bot\logs\pump_bot.log
2025-07-01 10:23:20 - main - INFO - ============================================================
2025-07-01 10:23:20 - main - INFO - Starting Solana pump.fun sniping bot
2025-07-01 10:23:20 - main - INFO - ============================================================
2025-07-01 10:23:20 - config - INFO - Loaded settings from C:\Users\JJ\Desktop\Clide-Bot\src\utils\../../config\settings.json
2025-07-01 10:23:20 - config - INFO - Loaded wallet data from C:\Users\JJ\Desktop\Clide-Bot\src\utils\../../config\wallet.json
2025-07-01 10:23:20 - config - INFO - Loaded sell strategy from C:\Users\JJ\Desktop\Clide-Bot\src\utils\../../config\sell_strategy.yaml
2025-07-01 10:23:20 - config - INFO - All configurations loaded successfully
2025-07-01 10:23:20 - main - INFO - Configurations loaded successfully
2025-07-01 10:23:21 - position_tracker - INFO - Position tracker initialized
2025-07-01 10:23:21 - main - INFO - Initializing components...
2025-07-01 10:23:21 - main - INFO - ✓ Strategy engine initialized
2025-07-01 10:23:21 - main - INFO - ✓ Transaction builder initialized
2025-07-01 10:23:23 - connection - INFO - Connection manager initialized with 1 RPC endpoints
2025-07-01 10:23:24 - httpx - INFO - HTTP Request: POST https://lb.drpc.org/ogrpc?network=solana&dkey=AnFgx_WRKUErtPzty2EXGn4b8SFRU-oR8JQVrqRhf0fE "HTTP/1.1 200 OK"
2025-07-01 10:23:25 - httpx - INFO - HTTP Request: POST https://lb.drpc.org/ogrpc?network=solana&dkey=AnFgx_WRKUErtPzty2EXGn4b8SFRU-oR8JQVrqRhf0fE "HTTP/1.1 200 OK"
2025-07-01 10:23:25 - connection - INFO - Connected to RPC endpoint: https://lb.drpc.org/ogrpc?network=solana&dkey=AnFgx_WRKUErtPzty2EXGn4b8SFRU-oR8JQVrqRhf0fE
2025-07-01 10:23:25 - main - INFO - ✓ Connection manager initialized
2025-07-01 10:23:25 - httpx - INFO - HTTP Request: POST https://lb.drpc.org/ogrpc?network=solana&dkey=AnFgx_WRKUErtPzty2EXGn4b8SFRU-oR8JQVrqRhf0fE "HTTP/1.1 200 OK"
2025-07-01 10:23:25 - wallet - INFO - Keypair loaded successfully | public_key=4qwCAzrjLjGBBGdWVZt6gzdbz2Vh7gW8dxXVX9oa7nC2
2025-07-01 10:23:25 - wallet - INFO - Wallet manager initialized | public_key=4qwCAzrjLjGBBGdWVZt6gzdbz2Vh7gW8dxXVX9oa7nC2
2025-07-01 10:23:25 - httpx - INFO - HTTP Request: POST https://lb.drpc.org/ogrpc?network=solana&dkey=AnFgx_WRKUErtPzty2EXGn4b8SFRU-oR8JQVrqRhf0fE "HTTP/1.1 200 OK"
2025-07-01 10:23:25 - main - INFO - ✓ Wallet initialized. Balance: 0.002841 SOL
2025-07-01 10:23:25 - wallet_tracker - INFO - WalletTracker initialized - tracking 1 wallet(s)
2025-07-01 10:23:25 - main - INFO - ✓ Monitoring components initialized
2025-07-01 10:23:25 - event_processor - INFO - Event processor instance created
2025-07-01 10:23:25 - main - INFO - ✓ Event processor initialized
2025-07-01 10:23:25 - main - INFO - ✓ CLI UI initialized
2025-07-01 10:23:25 - main - INFO - Registering callbacks...
2025-07-01 10:23:25 - main - ERROR - Error starting bot: 'StrategyEngine' object has no attribute 'evaluate_new_token' | exc_info=True | error_count=1
Traceback (most recent call last):
  File "C:\Users\JJ\Desktop\Clide-Bot\src\main.py", line 108, in start_bot
    event_processor.register_new_token_callback(strategy_engine.evaluate_new_token)
                                                ^^^^^^^^^^^^^^^^^^^^^^^^^^^^^^^^^^
AttributeError: 'StrategyEngine' object has no attribute 'evaluate_new_token'
2025-07-01 10:23:31 - main - INFO - Received shutdown signal: 2
2025-07-01 10:23:31 - main - INFO - ============================================================
2025-07-01 10:23:31 - main - INFO - Stopping Solana pump.fun sniping bot...
2025-07-01 10:23:31 - main - INFO - ✓ UI stopped
2025-07-01 10:23:31 - main - ERROR - Error stopping Strategy Engine: 'StrategyEngine' object has no attribute 'stop' | error_count=2
2025-07-01 10:23:31 - event_processor - INFO - Stopping event processor
2025-07-01 10:23:31 - main - INFO - ✓ Event Processor stopped
2025-07-01 10:23:31 - wallet_tracker - INFO - Wallet tracker stopped
2025-07-01 10:23:31 - main - INFO - ✓ Wallet Tracker stopped
2025-07-01 10:23:31 - volume_analyzer - INFO - Stopping volume analyzer
2025-07-01 10:23:31 - main - INFO - ✓ Volume Analyzer stopped
2025-07-01 10:23:31 - price_tracker - INFO - Stopping price tracker
2025-07-01 10:23:31 - main - INFO - ✓ Price Tracker stopped
2025-07-01 10:23:31 - pump_monitor - INFO - Stopping pump.fun monitor
2025-07-01 10:23:31 - main - INFO - ✓ Pump Monitor stopped
2025-07-01 10:23:32 - httpx - INFO - HTTP Request: POST https://lb.drpc.org/ogrpc?network=solana&dkey=AnFgx_WRKUErtPzty2EXGn4b8SFRU-oR8JQVrqRhf0fE "HTTP/1.1 200 OK"
2025-07-01 10:23:32 - connection - INFO - All connections closed
2025-07-01 10:23:32 - main - INFO - ✓ Connection Manager stopped
2025-07-01 10:23:32 - main - INFO - Bot stopped successfully
2025-07-01 10:23:32 - main - INFO - ============================================================
2025-07-01 10:23:32 - asyncio - ERROR - Task exception was never retrieved
future: <Task finished name='Task-2' coro=<start_bot() done, defined at C:\Users\JJ\Desktop\Clide-Bot\src\main.py:40> exception=AttributeError("'StrategyEngine' object has no attribute 'evaluate_new_token'")>
Traceback (most recent call last):
  File "C:\Users\JJ\Desktop\Clide-Bot\src\main.py", line 108, in start_bot
    event_processor.register_new_token_callback(strategy_engine.evaluate_new_token)
                                                ^^^^^^^^^^^^^^^^^^^^^^^^^^^^^^^^^^
AttributeError: 'StrategyEngine' object has no attribute 'evaluate_new_token'
2025-07-01 12:05:06 - src.utils.logger - INFO - Logging initialized - Level: INFO, File: C:\Users\JJ\Desktop\Clide-Bot\logs\pump_bot.log
2025-07-01 12:05:07 - main - INFO - ============================================================
2025-07-01 12:05:07 - main - INFO - Starting Solana pump.fun sniping bot
2025-07-01 12:05:07 - main - INFO - ============================================================
2025-07-01 12:05:07 - config - INFO - Loaded settings from C:\Users\JJ\Desktop\Clide-Bot\src\utils\../../config\settings.json
2025-07-01 12:05:07 - config - INFO - Loaded wallet data from C:\Users\JJ\Desktop\Clide-Bot\src\utils\../../config\wallet.json
2025-07-01 12:05:07 - config - INFO - Loaded sell strategy from C:\Users\JJ\Desktop\Clide-Bot\src\utils\../../config\sell_strategy.yaml
2025-07-01 12:05:07 - config - INFO - All configurations loaded successfully
2025-07-01 12:05:07 - main - INFO - Configurations loaded successfully
2025-07-01 12:05:07 - position_tracker - INFO - Position tracker initialized
2025-07-01 12:05:08 - main - INFO - Initializing components...
2025-07-01 12:05:08 - main - INFO - ✓ Strategy engine initialized
2025-07-01 12:05:08 - main - INFO - ✓ Transaction builder initialized
2025-07-01 12:05:08 - connection - INFO - Connection manager initialized with 1 RPC endpoints
2025-07-01 12:05:08 - connection - ERROR - Failed to connect to https://lb.drpc.org/ogrpc?network=solana&dkey=AnFgx_WRKUErtPzty2EXGn4b8SFRU-oR8JQVrqRhf0fE:  | error_count=1
2025-07-01 12:05:08 - connection - WARNING - All RPC connections failed. Retrying in 4.0 seconds... (Attempt 1/5)
2025-07-01 12:05:12 - main - INFO - Received shutdown signal: 2
2025-07-01 12:05:12 - main - INFO - ============================================================
2025-07-01 12:05:12 - main - INFO - Stopping Solana pump.fun sniping bot...
2025-07-01 12:05:12 - main - ERROR - Error stopping Strategy Engine: 'StrategyEngine' object has no attribute 'stop' | error_count=1
2025-07-01 12:05:12 - connection - ERROR - Error closing connections: Cannot send a request, as the client has been closed. | error_count=2
2025-07-01 12:05:12 - main - INFO - ✓ Connection Manager stopped
2025-07-01 12:05:12 - main - INFO - Bot stopped successfully
2025-07-01 12:05:12 - main - INFO - ============================================================
2025-07-01 20:24:03 - src.utils.logger - INFO - Logging initialized - Level: INFO, File: C:\Users\JJ\Desktop\Clide-Bot\logs\pump_bot.log
2025-07-01 20:24:03 - main - INFO - ============================================================
2025-07-01 20:24:03 - main - INFO - Starting Solana pump.fun sniping bot
2025-07-01 20:24:03 - main - INFO - ============================================================
2025-07-01 20:24:03 - config - INFO - Loaded settings from C:\Users\JJ\Desktop\Clide-Bot\src\utils\../../config\settings.json
2025-07-01 20:24:03 - config - INFO - Loaded wallet data from C:\Users\JJ\Desktop\Clide-Bot\src\utils\../../config\wallet.json
2025-07-01 20:24:03 - config - INFO - Loaded sell strategy from C:\Users\JJ\Desktop\Clide-Bot\src\utils\../../config\sell_strategy.yaml
2025-07-01 20:24:03 - config - INFO - All configurations loaded successfully
2025-07-01 20:24:03 - main - INFO - Configurations loaded successfully
2025-07-01 20:24:04 - position_tracker - INFO - Position tracker initialized
2025-07-01 20:24:04 - main - INFO - Initializing components...
2025-07-01 20:24:04 - main - INFO - ✓ Strategy engine initialized
2025-07-01 20:24:04 - main - INFO - ✓ Transaction builder initialized
2025-07-01 20:24:04 - connection - INFO - Connection manager initialized with 1 RPC endpoints
2025-07-01 20:24:05 - httpx - INFO - HTTP Request: POST https://lb.drpc.org/ogrpc?network=solana&dkey=AnFgx_WRKUErtPzty2EXGn4b8SFRU-oR8JQVrqRhf0fE "HTTP/1.1 200 OK"
2025-07-01 20:24:05 - httpx - INFO - HTTP Request: POST https://lb.drpc.org/ogrpc?network=solana&dkey=AnFgx_WRKUErtPzty2EXGn4b8SFRU-oR8JQVrqRhf0fE "HTTP/1.1 200 OK"
2025-07-01 20:24:05 - connection - INFO - Connected to RPC endpoint: https://lb.drpc.org/ogrpc?network=solana&dkey=AnFgx_WRKUErtPzty2EXGn4b8SFRU-oR8JQVrqRhf0fE
2025-07-01 20:24:05 - main - INFO - ✓ Connection manager initialized
2025-07-01 20:24:05 - httpx - INFO - HTTP Request: POST https://lb.drpc.org/ogrpc?network=solana&dkey=AnFgx_WRKUErtPzty2EXGn4b8SFRU-oR8JQVrqRhf0fE "HTTP/1.1 200 OK"
2025-07-01 20:24:05 - wallet - INFO - Keypair loaded successfully | public_key=4qwCAzrjLjGBBGdWVZt6gzdbz2Vh7gW8dxXVX9oa7nC2
2025-07-01 20:24:05 - wallet - INFO - Wallet manager initialized | public_key=4qwCAzrjLjGBBGdWVZt6gzdbz2Vh7gW8dxXVX9oa7nC2
2025-07-01 20:24:05 - httpx - INFO - HTTP Request: POST https://lb.drpc.org/ogrpc?network=solana&dkey=AnFgx_WRKUErtPzty2EXGn4b8SFRU-oR8JQVrqRhf0fE "HTTP/1.1 200 OK"
2025-07-01 20:24:05 - main - INFO - ✓ Wallet initialized. Balance: 0.002841 SOL
2025-07-01 20:24:05 - wallet_tracker - INFO - WalletTracker initialized - tracking 1 wallet(s)
2025-07-01 20:24:05 - main - INFO - ✓ Monitoring components initialized
2025-07-01 20:24:05 - event_processor - INFO - Event processor instance created
2025-07-01 20:24:05 - main - INFO - ✓ Event processor initialized
2025-07-01 20:24:05 - main - INFO - ✓ CLI UI initialized
2025-07-01 20:24:05 - main - INFO - Registering callbacks...
2025-07-01 20:24:05 - main - ERROR - Error starting bot: 'StrategyEngine' object has no attribute 'evaluate_new_token' | exc_info=True | error_count=1
Traceback (most recent call last):
  File "C:\Users\JJ\Desktop\Clide-Bot\src\main.py", line 108, in start_bot
    event_processor.register_new_token_callback(strategy_engine.evaluate_new_token)
                                                ^^^^^^^^^^^^^^^^^^^^^^^^^^^^^^^^^^
AttributeError: 'StrategyEngine' object has no attribute 'evaluate_new_token'
2025-07-01 20:24:12 - main - INFO - Received shutdown signal: 2
2025-07-01 20:24:12 - main - INFO - ============================================================
2025-07-01 20:24:12 - main - INFO - Stopping Solana pump.fun sniping bot...
2025-07-01 20:24:12 - main - INFO - ✓ UI stopped
2025-07-01 20:24:12 - main - ERROR - Error stopping Strategy Engine: 'StrategyEngine' object has no attribute 'stop' | error_count=2
2025-07-01 20:24:12 - event_processor - INFO - Stopping event processor
2025-07-01 20:24:12 - main - INFO - ✓ Event Processor stopped
2025-07-01 20:24:12 - wallet_tracker - INFO - Wallet tracker stopped
2025-07-01 20:24:12 - main - INFO - ✓ Wallet Tracker stopped
2025-07-01 20:24:12 - volume_analyzer - INFO - Stopping volume analyzer
2025-07-01 20:24:12 - main - INFO - ✓ Volume Analyzer stopped
2025-07-01 20:24:12 - price_tracker - INFO - Stopping price tracker
2025-07-01 20:24:12 - main - INFO - ✓ Price Tracker stopped
2025-07-01 20:24:12 - pump_monitor - INFO - Stopping pump.fun monitor
2025-07-01 20:24:12 - main - INFO - ✓ Pump Monitor stopped
2025-07-01 20:24:13 - httpx - INFO - HTTP Request: POST https://lb.drpc.org/ogrpc?network=solana&dkey=AnFgx_WRKUErtPzty2EXGn4b8SFRU-oR8JQVrqRhf0fE "HTTP/1.1 200 OK"
2025-07-01 20:24:13 - connection - INFO - All connections closed
2025-07-01 20:24:13 - main - INFO - ✓ Connection Manager stopped
2025-07-01 20:24:13 - main - INFO - Bot stopped successfully
2025-07-01 20:24:13 - main - INFO - ============================================================
2025-07-01 20:24:13 - asyncio - ERROR - Task exception was never retrieved
future: <Task finished name='Task-2' coro=<start_bot() done, defined at C:\Users\JJ\Desktop\Clide-Bot\src\main.py:40> exception=AttributeError("'StrategyEngine' object has no attribute 'evaluate_new_token'")>
Traceback (most recent call last):
  File "C:\Users\JJ\Desktop\Clide-Bot\src\main.py", line 108, in start_bot
    event_processor.register_new_token_callback(strategy_engine.evaluate_new_token)
                                                ^^^^^^^^^^^^^^^^^^^^^^^^^^^^^^^^^^
AttributeError: 'StrategyEngine' object has no attribute 'evaluate_new_token'
2025-07-01 20:42:48 - src.utils.logger - INFO - Logging initialized - Level: INFO, File: C:\Users\JJ\Desktop\Clide-Bot\logs\pump_bot.log
2025-07-01 20:42:48 - main - INFO - ============================================================
2025-07-01 20:42:48 - main - INFO - Starting Solana pump.fun sniping bot
2025-07-01 20:42:48 - main - INFO - ============================================================
2025-07-01 20:42:48 - config - INFO - Loaded settings from C:\Users\JJ\Desktop\Clide-Bot\src\utils\../../config\settings.json
2025-07-01 20:42:48 - config - INFO - Loaded wallet data from C:\Users\JJ\Desktop\Clide-Bot\src\utils\../../config\wallet.json
2025-07-01 20:42:48 - config - INFO - Loaded sell strategy from C:\Users\JJ\Desktop\Clide-Bot\src\utils\../../config\sell_strategy.yaml
2025-07-01 20:42:48 - config - INFO - All configurations loaded successfully
2025-07-01 20:42:48 - main - INFO - Configurations loaded successfully
2025-07-01 20:42:49 - position_tracker - INFO - Position tracker initialized
2025-07-01 20:42:49 - main - INFO - Initializing components...
2025-07-01 20:42:49 - main - INFO - ✓ Strategy engine initialized
2025-07-01 20:42:49 - main - INFO - ✓ Transaction builder initialized
2025-07-01 20:42:49 - connection - INFO - Connection manager initialized with 1 RPC endpoints
2025-07-01 20:42:50 - httpx - INFO - HTTP Request: POST https://lb.drpc.org/ogrpc?network=solana&dkey=AnFgx_WRKUErtPzty2EXGn4b8SFRU-oR8JQVrqRhf0fE "HTTP/1.1 200 OK"
2025-07-01 20:42:51 - httpx - INFO - HTTP Request: POST https://lb.drpc.org/ogrpc?network=solana&dkey=AnFgx_WRKUErtPzty2EXGn4b8SFRU-oR8JQVrqRhf0fE "HTTP/1.1 200 OK"
2025-07-01 20:42:51 - connection - INFO - Connected to RPC endpoint: https://lb.drpc.org/ogrpc?network=solana&dkey=AnFgx_WRKUErtPzty2EXGn4b8SFRU-oR8JQVrqRhf0fE
2025-07-01 20:42:51 - main - INFO - ✓ Connection manager initialized
2025-07-01 20:42:51 - httpx - INFO - HTTP Request: POST https://lb.drpc.org/ogrpc?network=solana&dkey=AnFgx_WRKUErtPzty2EXGn4b8SFRU-oR8JQVrqRhf0fE "HTTP/1.1 200 OK"
2025-07-01 20:42:51 - wallet - INFO - Keypair loaded successfully | public_key=4qwCAzrjLjGBBGdWVZt6gzdbz2Vh7gW8dxXVX9oa7nC2
2025-07-01 20:42:51 - wallet - INFO - Wallet manager initialized | public_key=4qwCAzrjLjGBBGdWVZt6gzdbz2Vh7gW8dxXVX9oa7nC2
2025-07-01 20:42:52 - httpx - INFO - HTTP Request: POST https://lb.drpc.org/ogrpc?network=solana&dkey=AnFgx_WRKUErtPzty2EXGn4b8SFRU-oR8JQVrqRhf0fE "HTTP/1.1 200 OK"
2025-07-01 20:42:52 - main - INFO - ✓ Wallet initialized. Balance: 0.002841 SOL
2025-07-01 20:42:52 - wallet_tracker - INFO - WalletTracker initialized - tracking 1 wallet(s)
2025-07-01 20:42:52 - wallet_tracker - INFO - Polling interval: 0.5s for faster detection
2025-07-01 20:42:52 - main - INFO - ✓ Monitoring components initialized
2025-07-01 20:42:52 - event_processor - INFO - Event processor instance created
2025-07-01 20:42:52 - main - INFO - ✓ Event processor initialized
2025-07-01 20:42:52 - main - INFO - ✓ CLI UI initialized
2025-07-01 20:42:52 - main - INFO - Registering callbacks...
2025-07-01 20:42:52 - event_processor - INFO - Registered new token callback. Total: 1
2025-07-01 20:42:52 - event_processor - INFO - Registered price update callback. Total: 1
2025-07-01 20:42:52 - event_processor - INFO - Registered volume spike callback. Total: 1
2025-07-01 20:42:52 - main - INFO - ✓ Event callbacks registered
2025-07-01 20:42:52 - main - INFO - Starting monitoring components...
2025-07-01 20:42:52 - pump_monitor - INFO - Starting pump.fun monitor
2025-07-01 20:42:52 - pump_monitor - INFO - Starting targeted REST API polling for pump.fun data
2025-07-01 20:42:52 - pump_monitor - INFO - Targeted REST API polling started
2025-07-01 20:42:52 - main - INFO - ✓ Pump monitor started
2025-07-01 20:42:52 - price_tracker - INFO - Starting price tracker
2025-07-01 20:42:52 - main - INFO - ✓ Price tracker started
2025-07-01 20:42:52 - volume_analyzer - INFO - Starting volume analyzer
2025-07-01 20:42:52 - main - INFO - ✓ Volume analyzer started
2025-07-01 20:42:52 - wallet_tracker - INFO - Starting wallet tracker for wallets: ['DfyUYAcPc9dM4Mq6bLJGRTpsqPrBt5wKvtHdtwJFmZSA']
2025-07-01 20:42:52 - main - INFO - ✓ Wallet tracker started
2025-07-01 20:42:52 - main - INFO -   Tracking 1 wallet(s): ['DfyUYAcPc9dM4Mq6bLJGRTpsqPrBt5wKvtHdtwJFmZSA']
2025-07-01 20:42:52 - event_processor - INFO - Starting event processor
2025-07-01 20:42:52 - main - ERROR - Error starting bot: 'StrategyEngine' object has no attribute 'register_with_wallet_tracker' | exc_info=True | error_count=1
Traceback (most recent call last):
  File "C:\Users\JJ\Desktop\Clide-Bot\src\main.py", line 135, in start_bot
    await event_processor.start()
  File "C:\Users\JJ\Desktop\Clide-Bot\src\monitoring\event_processor.py", line 48, in start
    strategy_engine.register_with_wallet_tracker()
    ^^^^^^^^^^^^^^^^^^^^^^^^^^^^^^^^^^^^^^^^^^^^
AttributeError: 'StrategyEngine' object has no attribute 'register_with_wallet_tracker'
2025-07-01 20:42:52 - wallet_tracker - INFO - Starting to monitor wallet: DfyUYAcPc9dM4Mq6bLJGRTpsqPrBt5wKvtHdtwJFmZSA
2025-07-01 20:42:52 - httpx - INFO - HTTP Request: POST https://lb.drpc.org/ogrpc?network=solana&dkey=AnFgx_WRKUErtPzty2EXGn4b8SFRU-oR8JQVrqRhf0fE "HTTP/1.1 200 OK"
2025-07-01 20:42:53 - httpx - INFO - HTTP Request: POST https://lb.drpc.org/ogrpc?network=solana&dkey=AnFgx_WRKUErtPzty2EXGn4b8SFRU-oR8JQVrqRhf0fE "HTTP/1.1 200 OK"
2025-07-01 20:42:53 - httpx - INFO - HTTP Request: POST https://lb.drpc.org/ogrpc?network=solana&dkey=AnFgx_WRKUErtPzty2EXGn4b8SFRU-oR8JQVrqRhf0fE "HTTP/1.1 200 OK"
2025-07-01 20:42:54 - httpx - INFO - HTTP Request: POST https://lb.drpc.org/ogrpc?network=solana&dkey=AnFgx_WRKUErtPzty2EXGn4b8SFRU-oR8JQVrqRhf0fE "HTTP/1.1 200 OK"
2025-07-01 20:42:54 - httpx - INFO - HTTP Request: POST https://lb.drpc.org/ogrpc?network=solana&dkey=AnFgx_WRKUErtPzty2EXGn4b8SFRU-oR8JQVrqRhf0fE "HTTP/1.1 200 OK"
2025-07-01 20:42:55 - httpx - INFO - HTTP Request: POST https://lb.drpc.org/ogrpc?network=solana&dkey=AnFgx_WRKUErtPzty2EXGn4b8SFRU-oR8JQVrqRhf0fE "HTTP/1.1 200 OK"
2025-07-01 20:42:55 - httpx - INFO - HTTP Request: POST https://lb.drpc.org/ogrpc?network=solana&dkey=AnFgx_WRKUErtPzty2EXGn4b8SFRU-oR8JQVrqRhf0fE "HTTP/1.1 200 OK"
2025-07-01 20:42:56 - httpx - INFO - HTTP Request: POST https://lb.drpc.org/ogrpc?network=solana&dkey=AnFgx_WRKUErtPzty2EXGn4b8SFRU-oR8JQVrqRhf0fE "HTTP/1.1 200 OK"
2025-07-01 20:42:56 - httpx - INFO - HTTP Request: POST https://lb.drpc.org/ogrpc?network=solana&dkey=AnFgx_WRKUErtPzty2EXGn4b8SFRU-oR8JQVrqRhf0fE "HTTP/1.1 200 OK"
2025-07-01 20:42:57 - httpx - INFO - HTTP Request: POST https://lb.drpc.org/ogrpc?network=solana&dkey=AnFgx_WRKUErtPzty2EXGn4b8SFRU-oR8JQVrqRhf0fE "HTTP/1.1 200 OK"
2025-07-01 20:42:57 - httpx - INFO - HTTP Request: POST https://lb.drpc.org/ogrpc?network=solana&dkey=AnFgx_WRKUErtPzty2EXGn4b8SFRU-oR8JQVrqRhf0fE "HTTP/1.1 200 OK"
2025-07-01 20:42:57 - httpx - INFO - HTTP Request: POST https://lb.drpc.org/ogrpc?network=solana&dkey=AnFgx_WRKUErtPzty2EXGn4b8SFRU-oR8JQVrqRhf0fE "HTTP/1.1 200 OK"
2025-07-01 20:42:57 - main - INFO - Received shutdown signal: 2
2025-07-01 20:42:57 - main - INFO - ============================================================
2025-07-01 20:42:57 - main - INFO - Stopping Solana pump.fun sniping bot...
2025-07-01 20:42:58 - main - INFO - ✓ UI stopped
2025-07-01 20:42:58 - strategy - INFO - Stopping strategy engine
2025-07-01 20:42:58 - main - INFO - ✓ Strategy Engine stopped
2025-07-01 20:42:58 - event_processor - INFO - Stopping event processor
2025-07-01 20:42:58 - main - INFO - ✓ Event Processor stopped
2025-07-01 20:42:58 - wallet_tracker - INFO - Stopping wallet tracker
2025-07-01 20:42:58 - main - INFO - ✓ Wallet Tracker stopped
2025-07-01 20:42:58 - volume_analyzer - INFO - Stopping volume analyzer
2025-07-01 20:42:58 - main - INFO - ✓ Volume Analyzer stopped
2025-07-01 20:42:58 - price_tracker - INFO - Stopping price tracker
2025-07-01 20:42:58 - main - INFO - ✓ Price Tracker stopped
2025-07-01 20:42:58 - pump_monitor - INFO - Stopping pump.fun monitor
2025-07-01 20:42:58 - main - INFO - ✓ Pump Monitor stopped
2025-07-01 20:42:58 - httpx - INFO - HTTP Request: POST https://lb.drpc.org/ogrpc?network=solana&dkey=AnFgx_WRKUErtPzty2EXGn4b8SFRU-oR8JQVrqRhf0fE "HTTP/1.1 200 OK"
2025-07-01 20:42:58 - connection - INFO - All connections closed
2025-07-01 20:42:58 - main - INFO - ✓ Connection Manager stopped
2025-07-01 20:42:58 - main - INFO - Bot stopped successfully
2025-07-01 20:42:58 - main - INFO - ============================================================
2025-07-01 20:42:58 - asyncio - ERROR - Task exception was never retrieved
future: <Task finished name='Task-2' coro=<start_bot() done, defined at C:\Users\JJ\Desktop\Clide-Bot\src\main.py:40> exception=AttributeError("'StrategyEngine' object has no attribute 'register_with_wallet_tracker'")>
Traceback (most recent call last):
  File "C:\Users\JJ\Desktop\Clide-Bot\src\main.py", line 135, in start_bot
    await event_processor.start()
  File "C:\Users\JJ\Desktop\Clide-Bot\src\monitoring\event_processor.py", line 48, in start
    strategy_engine.register_with_wallet_tracker()
    ^^^^^^^^^^^^^^^^^^^^^^^^^^^^^^^^^^^^^^^^^^^^
AttributeError: 'StrategyEngine' object has no attribute 'register_with_wallet_tracker'
2025-07-01 20:47:24 - src.utils.logger - INFO - Logging initialized - Level: INFO, File: C:\Users\JJ\Desktop\Clide-Bot\logs\pump_bot.log
2025-07-01 20:47:24 - main - INFO - ============================================================
2025-07-01 20:47:24 - main - INFO - Starting Solana pump.fun sniping bot
2025-07-01 20:47:24 - main - INFO - ============================================================
2025-07-01 20:47:24 - config - INFO - Loaded settings from C:\Users\JJ\Desktop\Clide-Bot\src\utils\../../config\settings.json
2025-07-01 20:47:24 - config - INFO - Loaded wallet data from C:\Users\JJ\Desktop\Clide-Bot\src\utils\../../config\wallet.json
2025-07-01 20:47:24 - config - INFO - Loaded sell strategy from C:\Users\JJ\Desktop\Clide-Bot\src\utils\../../config\sell_strategy.yaml
2025-07-01 20:47:24 - config - INFO - All configurations loaded successfully
2025-07-01 20:47:24 - main - INFO - Configurations loaded successfully
2025-07-01 20:47:24 - main - ERROR - Error starting bot: unindent does not match any outer indentation level (strategy_engine.py, line 97) | exc_info=True | error_count=1
Traceback (most recent call last):
  File "C:\Users\JJ\Desktop\Clide-Bot\src\main.py", line 54, in start_bot
    from src.trading.strategy_engine import initialize_strategy_engine
  File "C:\Users\JJ\Desktop\Clide-Bot\src\trading\strategy_engine.py", line 97
    async def stop(self) -> None:
                                 ^
IndentationError: unindent does not match any outer indentation level
2025-07-01 20:48:02 - main - INFO - Received shutdown signal: 2
2025-07-01 20:48:02 - main - INFO - Stopping Solana pump.fun sniping bot
2025-07-01 20:48:02 - main - ERROR - Error during shutdown: unindent does not match any outer indentation level (strategy_engine.py, line 97) | exc_info=True | error_count=2
Traceback (most recent call last):
  File "C:\Users\JJ\Desktop\Clide-Bot\src\main.py", line 163, in stop_bot
    from src.trading.strategy_engine import strategy_engine
  File "C:\Users\JJ\Desktop\Clide-Bot\src\trading\strategy_engine.py", line 97
    async def stop(self) -> None:
                                 ^
IndentationError: unindent does not match any outer indentation level
2025-07-01 20:48:02 - asyncio - ERROR - Task exception was never retrieved
future: <Task finished name='Task-2' coro=<start_bot() done, defined at C:\Users\JJ\Desktop\Clide-Bot\src\main.py:40> exception=IndentationError('unindent does not match any outer indentation level', ('C:\\Users\\JJ\\Desktop\\Clide-Bot\\src\\trading\\strategy_engine.py', 97, 34, '    async def stop(self) -> None:\n', 97, -1))>
Traceback (most recent call last):
  File "C:\Users\JJ\Desktop\Clide-Bot\src\main.py", line 54, in start_bot
    from src.trading.strategy_engine import initialize_strategy_engine
  File "C:\Users\JJ\Desktop\Clide-Bot\src\trading\strategy_engine.py", line 97
    async def stop(self) -> None:
                                 ^
IndentationError: unindent does not match any outer indentation level
2025-07-01 20:55:01 - src.utils.logger - INFO - Logging initialized - Level: INFO, File: C:\Users\JJ\Desktop\Clide-Bot\logs\pump_bot.log
2025-07-01 20:55:01 - main - INFO - ============================================================
2025-07-01 20:55:01 - main - INFO - Starting Solana pump.fun sniping bot
2025-07-01 20:55:01 - main - INFO - ============================================================
2025-07-01 20:55:01 - config - INFO - Loaded settings from C:\Users\JJ\Desktop\Clide-Bot\src\utils\../../config\settings.json
2025-07-01 20:55:01 - config - INFO - Loaded wallet data from C:\Users\JJ\Desktop\Clide-Bot\src\utils\../../config\wallet.json
2025-07-01 20:55:01 - config - INFO - Loaded sell strategy from C:\Users\JJ\Desktop\Clide-Bot\src\utils\../../config\sell_strategy.yaml
2025-07-01 20:55:01 - config - INFO - All configurations loaded successfully
2025-07-01 20:55:01 - main - INFO - Configurations loaded successfully
2025-07-01 20:55:02 - position_tracker - INFO - Position tracker initialized
2025-07-01 20:55:02 - main - INFO - Initializing components...
2025-07-01 20:55:02 - main - INFO - ✓ Strategy engine initialized
2025-07-01 20:55:02 - main - INFO - ✓ Transaction builder initialized
2025-07-01 20:55:02 - connection - INFO - Connection manager initialized with 1 RPC endpoints
2025-07-01 20:55:03 - httpx - INFO - HTTP Request: POST https://lb.drpc.org/ogrpc?network=solana&dkey=AnFgx_WRKUErtPzty2EXGn4b8SFRU-oR8JQVrqRhf0fE "HTTP/1.1 200 OK"
2025-07-01 20:55:03 - httpx - INFO - HTTP Request: POST https://lb.drpc.org/ogrpc?network=solana&dkey=AnFgx_WRKUErtPzty2EXGn4b8SFRU-oR8JQVrqRhf0fE "HTTP/1.1 200 OK"
2025-07-01 20:55:03 - connection - INFO - Connected to RPC endpoint: https://lb.drpc.org/ogrpc?network=solana&dkey=AnFgx_WRKUErtPzty2EXGn4b8SFRU-oR8JQVrqRhf0fE
2025-07-01 20:55:03 - main - INFO - ✓ Connection manager initialized
2025-07-01 20:55:03 - httpx - INFO - HTTP Request: POST https://lb.drpc.org/ogrpc?network=solana&dkey=AnFgx_WRKUErtPzty2EXGn4b8SFRU-oR8JQVrqRhf0fE "HTTP/1.1 200 OK"
2025-07-01 20:55:03 - wallet - INFO - Keypair loaded successfully | public_key=4qwCAzrjLjGBBGdWVZt6gzdbz2Vh7gW8dxXVX9oa7nC2
2025-07-01 20:55:03 - wallet - INFO - Wallet manager initialized | public_key=4qwCAzrjLjGBBGdWVZt6gzdbz2Vh7gW8dxXVX9oa7nC2
2025-07-01 20:55:03 - httpx - INFO - HTTP Request: POST https://lb.drpc.org/ogrpc?network=solana&dkey=AnFgx_WRKUErtPzty2EXGn4b8SFRU-oR8JQVrqRhf0fE "HTTP/1.1 200 OK"
2025-07-01 20:55:03 - main - INFO - ✓ Wallet initialized. Balance: 0.002841 SOL
2025-07-01 20:55:03 - wallet_tracker - INFO - WalletTracker initialized - tracking 1 wallet(s)
2025-07-01 20:55:03 - wallet_tracker - INFO - Polling interval: 0.5s for faster detection
2025-07-01 20:55:03 - main - INFO - ✓ Monitoring components initialized
2025-07-01 20:55:03 - event_processor - INFO - Event processor instance created
2025-07-01 20:55:03 - main - INFO - ✓ Event processor initialized
2025-07-01 20:55:03 - main - INFO - ✓ CLI UI initialized
2025-07-01 20:55:03 - main - INFO - Registering callbacks...
2025-07-01 20:55:03 - event_processor - INFO - Registered new token callback. Total: 1
2025-07-01 20:55:03 - event_processor - INFO - Registered price update callback. Total: 1
2025-07-01 20:55:03 - event_processor - INFO - Registered volume spike callback. Total: 1
2025-07-01 20:55:03 - main - INFO - ✓ Event callbacks registered
2025-07-01 20:55:03 - main - INFO - Starting monitoring components...
2025-07-01 20:55:03 - pump_monitor - INFO - Starting pump.fun monitor
2025-07-01 20:55:03 - pump_monitor - INFO - Starting targeted REST API polling for pump.fun data
2025-07-01 20:55:03 - pump_monitor - INFO - Targeted REST API polling started
2025-07-01 20:55:03 - main - INFO - ✓ Pump monitor started
2025-07-01 20:55:03 - price_tracker - INFO - Starting price tracker
2025-07-01 20:55:03 - main - INFO - ✓ Price tracker started
2025-07-01 20:55:03 - volume_analyzer - INFO - Starting volume analyzer
2025-07-01 20:55:03 - main - INFO - ✓ Volume analyzer started
2025-07-01 20:55:03 - wallet_tracker - INFO - Starting wallet tracker for wallets: ['DfyUYAcPc9dM4Mq6bLJGRTpsqPrBt5wKvtHdtwJFmZSA']
2025-07-01 20:55:03 - main - INFO - ✓ Wallet tracker started
2025-07-01 20:55:03 - main - INFO -   Tracking 1 wallet(s): ['DfyUYAcPc9dM4Mq6bLJGRTpsqPrBt5wKvtHdtwJFmZSA']
2025-07-01 20:55:03 - event_processor - INFO - Starting event processor
2025-07-01 20:55:03 - pump_monitor - INFO - Registered new token callback. Total callbacks: 1
2025-07-01 20:55:03 - event_processor - INFO - Registered new token callback with pump monitor
2025-07-01 20:55:03 - price_tracker - INFO - Registered price update callback. Total callbacks: 1
2025-07-01 20:55:03 - event_processor - INFO - Registered price update callback with price tracker
2025-07-01 20:55:03 - volume_analyzer - INFO - Registered volume spike callback. Total callbacks: 1
2025-07-01 20:55:03 - event_processor - INFO - Registered volume spike callback with volume analyzer
2025-07-01 20:55:03 - main - INFO - ✓ Event processor started
2025-07-01 20:55:03 - strategy - INFO - Starting strategy engine
2025-07-01 20:55:03 - strategy - INFO - Strategy engine initialized
2025-07-01 20:55:03 - wallet_tracker - INFO - Registered buy callback - Total callbacks: 1
2025-07-01 20:55:03 - strategy - INFO - Registered copy trading callback with wallet tracker
2025-07-01 20:55:03 - main - INFO - ✓ Strategy engine started
2025-07-01 20:55:03 - main - INFO - ============================================================
2025-07-01 20:55:03 - main - INFO - Bot started successfully! Monitoring for transactions...
2025-07-01 20:55:03 - main - INFO - ============================================================
2025-07-01 20:55:03 - wallet_tracker - INFO - Registered buy callback - Total callbacks: 2
2025-07-01 20:55:03 - cli_ui - INFO - Registered wallet buy callback with UI
2025-07-01 20:55:03 - strategy - INFO - Registered trade callback. Total callbacks: 1
2025-07-01 20:55:03 - cli_ui - INFO - Registered trade callback with UI
2025-07-01 20:55:03 - cli_ui - INFO - Starting UI live display
2025-07-01 20:55:03 - cli_ui - INFO - UI live display started
2025-07-01 20:55:03 - wallet_tracker - INFO - Starting to monitor wallet: DfyUYAcPc9dM4Mq6bLJGRTpsqPrBt5wKvtHdtwJFmZSA
2025-07-01 20:55:03 - httpx - INFO - HTTP Request: POST https://lb.drpc.org/ogrpc?network=solana&dkey=AnFgx_WRKUErtPzty2EXGn4b8SFRU-oR8JQVrqRhf0fE "HTTP/1.1 200 OK"
2025-07-01 20:55:04 - httpx - INFO - HTTP Request: POST https://lb.drpc.org/ogrpc?network=solana&dkey=AnFgx_WRKUErtPzty2EXGn4b8SFRU-oR8JQVrqRhf0fE "HTTP/1.1 200 OK"
2025-07-01 20:55:04 - httpx - INFO - HTTP Request: POST https://lb.drpc.org/ogrpc?network=solana&dkey=AnFgx_WRKUErtPzty2EXGn4b8SFRU-oR8JQVrqRhf0fE "HTTP/1.1 200 OK"
2025-07-01 20:55:04 - httpx - INFO - HTTP Request: POST https://lb.drpc.org/ogrpc?network=solana&dkey=AnFgx_WRKUErtPzty2EXGn4b8SFRU-oR8JQVrqRhf0fE "HTTP/1.1 200 OK"
2025-07-01 20:55:05 - httpx - INFO - HTTP Request: POST https://lb.drpc.org/ogrpc?network=solana&dkey=AnFgx_WRKUErtPzty2EXGn4b8SFRU-oR8JQVrqRhf0fE "HTTP/1.1 200 OK"
2025-07-01 20:55:05 - httpx - INFO - HTTP Request: POST https://lb.drpc.org/ogrpc?network=solana&dkey=AnFgx_WRKUErtPzty2EXGn4b8SFRU-oR8JQVrqRhf0fE "HTTP/1.1 200 OK"
2025-07-01 20:55:06 - httpx - INFO - HTTP Request: POST https://lb.drpc.org/ogrpc?network=solana&dkey=AnFgx_WRKUErtPzty2EXGn4b8SFRU-oR8JQVrqRhf0fE "HTTP/1.1 200 OK"
2025-07-01 20:55:06 - httpx - INFO - HTTP Request: POST https://lb.drpc.org/ogrpc?network=solana&dkey=AnFgx_WRKUErtPzty2EXGn4b8SFRU-oR8JQVrqRhf0fE "HTTP/1.1 200 OK"
2025-07-01 20:55:07 - httpx - INFO - HTTP Request: POST https://lb.drpc.org/ogrpc?network=solana&dkey=AnFgx_WRKUErtPzty2EXGn4b8SFRU-oR8JQVrqRhf0fE "HTTP/1.1 200 OK"
2025-07-01 20:55:07 - httpx - INFO - HTTP Request: POST https://lb.drpc.org/ogrpc?network=solana&dkey=AnFgx_WRKUErtPzty2EXGn4b8SFRU-oR8JQVrqRhf0fE "HTTP/1.1 200 OK"
2025-07-01 20:55:07 - httpx - INFO - HTTP Request: POST https://lb.drpc.org/ogrpc?network=solana&dkey=AnFgx_WRKUErtPzty2EXGn4b8SFRU-oR8JQVrqRhf0fE "HTTP/1.1 200 OK"
2025-07-01 20:55:08 - httpx - INFO - HTTP Request: POST https://lb.drpc.org/ogrpc?network=solana&dkey=AnFgx_WRKUErtPzty2EXGn4b8SFRU-oR8JQVrqRhf0fE "HTTP/1.1 200 OK"
2025-07-01 20:55:08 - httpx - INFO - HTTP Request: POST https://lb.drpc.org/ogrpc?network=solana&dkey=AnFgx_WRKUErtPzty2EXGn4b8SFRU-oR8JQVrqRhf0fE "HTTP/1.1 200 OK"
2025-07-01 20:55:08 - httpx - INFO - HTTP Request: POST https://lb.drpc.org/ogrpc?network=solana&dkey=AnFgx_WRKUErtPzty2EXGn4b8SFRU-oR8JQVrqRhf0fE "HTTP/1.1 200 OK"
2025-07-01 20:55:09 - httpx - INFO - HTTP Request: POST https://lb.drpc.org/ogrpc?network=solana&dkey=AnFgx_WRKUErtPzty2EXGn4b8SFRU-oR8JQVrqRhf0fE "HTTP/1.1 200 OK"
2025-07-01 20:55:09 - httpx - INFO - HTTP Request: POST https://lb.drpc.org/ogrpc?network=solana&dkey=AnFgx_WRKUErtPzty2EXGn4b8SFRU-oR8JQVrqRhf0fE "HTTP/1.1 200 OK"
2025-07-01 20:55:10 - httpx - INFO - HTTP Request: POST https://lb.drpc.org/ogrpc?network=solana&dkey=AnFgx_WRKUErtPzty2EXGn4b8SFRU-oR8JQVrqRhf0fE "HTTP/1.1 200 OK"
2025-07-01 20:55:10 - httpx - INFO - HTTP Request: POST https://lb.drpc.org/ogrpc?network=solana&dkey=AnFgx_WRKUErtPzty2EXGn4b8SFRU-oR8JQVrqRhf0fE "HTTP/1.1 200 OK"
2025-07-01 20:55:11 - httpx - INFO - HTTP Request: POST https://lb.drpc.org/ogrpc?network=solana&dkey=AnFgx_WRKUErtPzty2EXGn4b8SFRU-oR8JQVrqRhf0fE "HTTP/1.1 200 OK"
2025-07-01 20:55:11 - httpx - INFO - HTTP Request: POST https://lb.drpc.org/ogrpc?network=solana&dkey=AnFgx_WRKUErtPzty2EXGn4b8SFRU-oR8JQVrqRhf0fE "HTTP/1.1 200 OK"
2025-07-01 20:55:11 - httpx - INFO - HTTP Request: POST https://lb.drpc.org/ogrpc?network=solana&dkey=AnFgx_WRKUErtPzty2EXGn4b8SFRU-oR8JQVrqRhf0fE "HTTP/1.1 200 OK"
2025-07-01 20:55:12 - httpx - INFO - HTTP Request: POST https://lb.drpc.org/ogrpc?network=solana&dkey=AnFgx_WRKUErtPzty2EXGn4b8SFRU-oR8JQVrqRhf0fE "HTTP/1.1 200 OK"
2025-07-01 20:55:12 - httpx - INFO - HTTP Request: POST https://lb.drpc.org/ogrpc?network=solana&dkey=AnFgx_WRKUErtPzty2EXGn4b8SFRU-oR8JQVrqRhf0fE "HTTP/1.1 200 OK"
2025-07-01 20:55:12 - httpx - INFO - HTTP Request: POST https://lb.drpc.org/ogrpc?network=solana&dkey=AnFgx_WRKUErtPzty2EXGn4b8SFRU-oR8JQVrqRhf0fE "HTTP/1.1 200 OK"
2025-07-01 20:55:13 - httpx - INFO - HTTP Request: POST https://lb.drpc.org/ogrpc?network=solana&dkey=AnFgx_WRKUErtPzty2EXGn4b8SFRU-oR8JQVrqRhf0fE "HTTP/1.1 200 OK"
2025-07-01 20:55:13 - httpx - INFO - HTTP Request: POST https://lb.drpc.org/ogrpc?network=solana&dkey=AnFgx_WRKUErtPzty2EXGn4b8SFRU-oR8JQVrqRhf0fE "HTTP/1.1 200 OK"
2025-07-01 20:55:13 - httpx - INFO - HTTP Request: POST https://lb.drpc.org/ogrpc?network=solana&dkey=AnFgx_WRKUErtPzty2EXGn4b8SFRU-oR8JQVrqRhf0fE "HTTP/1.1 200 OK"
2025-07-01 20:55:14 - httpx - INFO - HTTP Request: POST https://lb.drpc.org/ogrpc?network=solana&dkey=AnFgx_WRKUErtPzty2EXGn4b8SFRU-oR8JQVrqRhf0fE "HTTP/1.1 200 OK"
2025-07-01 20:55:14 - httpx - INFO - HTTP Request: POST https://lb.drpc.org/ogrpc?network=solana&dkey=AnFgx_WRKUErtPzty2EXGn4b8SFRU-oR8JQVrqRhf0fE "HTTP/1.1 200 OK"
2025-07-01 20:55:15 - httpx - INFO - HTTP Request: POST https://lb.drpc.org/ogrpc?network=solana&dkey=AnFgx_WRKUErtPzty2EXGn4b8SFRU-oR8JQVrqRhf0fE "HTTP/1.1 200 OK"
2025-07-01 20:55:15 - httpx - INFO - HTTP Request: POST https://lb.drpc.org/ogrpc?network=solana&dkey=AnFgx_WRKUErtPzty2EXGn4b8SFRU-oR8JQVrqRhf0fE "HTTP/1.1 200 OK"
2025-07-01 20:55:15 - httpx - INFO - HTTP Request: POST https://lb.drpc.org/ogrpc?network=solana&dkey=AnFgx_WRKUErtPzty2EXGn4b8SFRU-oR8JQVrqRhf0fE "HTTP/1.1 200 OK"
2025-07-01 20:55:16 - httpx - INFO - HTTP Request: POST https://lb.drpc.org/ogrpc?network=solana&dkey=AnFgx_WRKUErtPzty2EXGn4b8SFRU-oR8JQVrqRhf0fE "HTTP/1.1 200 OK"
2025-07-01 20:55:16 - httpx - INFO - HTTP Request: POST https://lb.drpc.org/ogrpc?network=solana&dkey=AnFgx_WRKUErtPzty2EXGn4b8SFRU-oR8JQVrqRhf0fE "HTTP/1.1 200 OK"
2025-07-01 20:55:16 - httpx - INFO - HTTP Request: POST https://lb.drpc.org/ogrpc?network=solana&dkey=AnFgx_WRKUErtPzty2EXGn4b8SFRU-oR8JQVrqRhf0fE "HTTP/1.1 200 OK"
2025-07-01 20:55:17 - httpx - INFO - HTTP Request: POST https://lb.drpc.org/ogrpc?network=solana&dkey=AnFgx_WRKUErtPzty2EXGn4b8SFRU-oR8JQVrqRhf0fE "HTTP/1.1 200 OK"
2025-07-01 20:55:18 - httpx - INFO - HTTP Request: POST https://lb.drpc.org/ogrpc?network=solana&dkey=AnFgx_WRKUErtPzty2EXGn4b8SFRU-oR8JQVrqRhf0fE "HTTP/1.1 200 OK"
2025-07-01 20:55:18 - httpx - INFO - HTTP Request: POST https://lb.drpc.org/ogrpc?network=solana&dkey=AnFgx_WRKUErtPzty2EXGn4b8SFRU-oR8JQVrqRhf0fE "HTTP/1.1 200 OK"
2025-07-01 20:55:18 - httpx - INFO - HTTP Request: POST https://lb.drpc.org/ogrpc?network=solana&dkey=AnFgx_WRKUErtPzty2EXGn4b8SFRU-oR8JQVrqRhf0fE "HTTP/1.1 200 OK"
2025-07-01 20:55:19 - httpx - INFO - HTTP Request: POST https://lb.drpc.org/ogrpc?network=solana&dkey=AnFgx_WRKUErtPzty2EXGn4b8SFRU-oR8JQVrqRhf0fE "HTTP/1.1 200 OK"
2025-07-01 20:55:19 - httpx - INFO - HTTP Request: POST https://lb.drpc.org/ogrpc?network=solana&dkey=AnFgx_WRKUErtPzty2EXGn4b8SFRU-oR8JQVrqRhf0fE "HTTP/1.1 200 OK"
2025-07-01 20:55:20 - httpx - INFO - HTTP Request: POST https://lb.drpc.org/ogrpc?network=solana&dkey=AnFgx_WRKUErtPzty2EXGn4b8SFRU-oR8JQVrqRhf0fE "HTTP/1.1 200 OK"
2025-07-01 20:55:20 - httpx - INFO - HTTP Request: POST https://lb.drpc.org/ogrpc?network=solana&dkey=AnFgx_WRKUErtPzty2EXGn4b8SFRU-oR8JQVrqRhf0fE "HTTP/1.1 200 OK"
2025-07-01 20:55:21 - httpx - INFO - HTTP Request: POST https://lb.drpc.org/ogrpc?network=solana&dkey=AnFgx_WRKUErtPzty2EXGn4b8SFRU-oR8JQVrqRhf0fE "HTTP/1.1 200 OK"
2025-07-01 20:55:21 - httpx - INFO - HTTP Request: POST https://lb.drpc.org/ogrpc?network=solana&dkey=AnFgx_WRKUErtPzty2EXGn4b8SFRU-oR8JQVrqRhf0fE "HTTP/1.1 200 OK"
2025-07-01 20:55:21 - httpx - INFO - HTTP Request: POST https://lb.drpc.org/ogrpc?network=solana&dkey=AnFgx_WRKUErtPzty2EXGn4b8SFRU-oR8JQVrqRhf0fE "HTTP/1.1 200 OK"
2025-07-01 20:55:22 - httpx - INFO - HTTP Request: POST https://lb.drpc.org/ogrpc?network=solana&dkey=AnFgx_WRKUErtPzty2EXGn4b8SFRU-oR8JQVrqRhf0fE "HTTP/1.1 200 OK"
2025-07-01 20:55:22 - httpx - INFO - HTTP Request: POST https://lb.drpc.org/ogrpc?network=solana&dkey=AnFgx_WRKUErtPzty2EXGn4b8SFRU-oR8JQVrqRhf0fE "HTTP/1.1 200 OK"
2025-07-01 20:55:22 - httpx - INFO - HTTP Request: POST https://lb.drpc.org/ogrpc?network=solana&dkey=AnFgx_WRKUErtPzty2EXGn4b8SFRU-oR8JQVrqRhf0fE "HTTP/1.1 200 OK"
2025-07-01 20:55:22 - httpx - INFO - HTTP Request: POST https://lb.drpc.org/ogrpc?network=solana&dkey=AnFgx_WRKUErtPzty2EXGn4b8SFRU-oR8JQVrqRhf0fE "HTTP/1.1 200 OK"
2025-07-01 20:55:23 - httpx - INFO - HTTP Request: POST https://lb.drpc.org/ogrpc?network=solana&dkey=AnFgx_WRKUErtPzty2EXGn4b8SFRU-oR8JQVrqRhf0fE "HTTP/1.1 200 OK"
2025-07-01 20:55:23 - httpx - INFO - HTTP Request: POST https://lb.drpc.org/ogrpc?network=solana&dkey=AnFgx_WRKUErtPzty2EXGn4b8SFRU-oR8JQVrqRhf0fE "HTTP/1.1 200 OK"
2025-07-01 20:55:24 - httpx - INFO - HTTP Request: POST https://lb.drpc.org/ogrpc?network=solana&dkey=AnFgx_WRKUErtPzty2EXGn4b8SFRU-oR8JQVrqRhf0fE "HTTP/1.1 200 OK"
2025-07-01 20:55:24 - httpx - INFO - HTTP Request: POST https://lb.drpc.org/ogrpc?network=solana&dkey=AnFgx_WRKUErtPzty2EXGn4b8SFRU-oR8JQVrqRhf0fE "HTTP/1.1 200 OK"
2025-07-01 20:55:25 - httpx - INFO - HTTP Request: POST https://lb.drpc.org/ogrpc?network=solana&dkey=AnFgx_WRKUErtPzty2EXGn4b8SFRU-oR8JQVrqRhf0fE "HTTP/1.1 200 OK"
2025-07-01 20:55:25 - httpx - INFO - HTTP Request: POST https://lb.drpc.org/ogrpc?network=solana&dkey=AnFgx_WRKUErtPzty2EXGn4b8SFRU-oR8JQVrqRhf0fE "HTTP/1.1 200 OK"
2025-07-01 20:55:25 - httpx - INFO - HTTP Request: POST https://lb.drpc.org/ogrpc?network=solana&dkey=AnFgx_WRKUErtPzty2EXGn4b8SFRU-oR8JQVrqRhf0fE "HTTP/1.1 200 OK"
2025-07-01 20:55:26 - httpx - INFO - HTTP Request: POST https://lb.drpc.org/ogrpc?network=solana&dkey=AnFgx_WRKUErtPzty2EXGn4b8SFRU-oR8JQVrqRhf0fE "HTTP/1.1 200 OK"
2025-07-01 20:55:26 - httpx - INFO - HTTP Request: POST https://lb.drpc.org/ogrpc?network=solana&dkey=AnFgx_WRKUErtPzty2EXGn4b8SFRU-oR8JQVrqRhf0fE "HTTP/1.1 200 OK"
2025-07-01 20:55:26 - httpx - INFO - HTTP Request: POST https://lb.drpc.org/ogrpc?network=solana&dkey=AnFgx_WRKUErtPzty2EXGn4b8SFRU-oR8JQVrqRhf0fE "HTTP/1.1 200 OK"
2025-07-01 20:55:27 - httpx - INFO - HTTP Request: POST https://lb.drpc.org/ogrpc?network=solana&dkey=AnFgx_WRKUErtPzty2EXGn4b8SFRU-oR8JQVrqRhf0fE "HTTP/1.1 200 OK"
2025-07-01 20:55:27 - httpx - INFO - HTTP Request: POST https://lb.drpc.org/ogrpc?network=solana&dkey=AnFgx_WRKUErtPzty2EXGn4b8SFRU-oR8JQVrqRhf0fE "HTTP/1.1 200 OK"
2025-07-01 20:55:28 - httpx - INFO - HTTP Request: POST https://lb.drpc.org/ogrpc?network=solana&dkey=AnFgx_WRKUErtPzty2EXGn4b8SFRU-oR8JQVrqRhf0fE "HTTP/1.1 200 OK"
2025-07-01 20:55:28 - httpx - INFO - HTTP Request: POST https://lb.drpc.org/ogrpc?network=solana&dkey=AnFgx_WRKUErtPzty2EXGn4b8SFRU-oR8JQVrqRhf0fE "HTTP/1.1 200 OK"
2025-07-01 20:55:29 - httpx - INFO - HTTP Request: POST https://lb.drpc.org/ogrpc?network=solana&dkey=AnFgx_WRKUErtPzty2EXGn4b8SFRU-oR8JQVrqRhf0fE "HTTP/1.1 200 OK"
2025-07-01 20:55:29 - httpx - INFO - HTTP Request: POST https://lb.drpc.org/ogrpc?network=solana&dkey=AnFgx_WRKUErtPzty2EXGn4b8SFRU-oR8JQVrqRhf0fE "HTTP/1.1 200 OK"
2025-07-01 20:55:29 - httpx - INFO - HTTP Request: POST https://lb.drpc.org/ogrpc?network=solana&dkey=AnFgx_WRKUErtPzty2EXGn4b8SFRU-oR8JQVrqRhf0fE "HTTP/1.1 200 OK"
2025-07-01 20:55:30 - httpx - INFO - HTTP Request: POST https://lb.drpc.org/ogrpc?network=solana&dkey=AnFgx_WRKUErtPzty2EXGn4b8SFRU-oR8JQVrqRhf0fE "HTTP/1.1 200 OK"
2025-07-01 20:55:30 - httpx - INFO - HTTP Request: POST https://lb.drpc.org/ogrpc?network=solana&dkey=AnFgx_WRKUErtPzty2EXGn4b8SFRU-oR8JQVrqRhf0fE "HTTP/1.1 200 OK"
2025-07-01 20:55:30 - httpx - INFO - HTTP Request: POST https://lb.drpc.org/ogrpc?network=solana&dkey=AnFgx_WRKUErtPzty2EXGn4b8SFRU-oR8JQVrqRhf0fE "HTTP/1.1 200 OK"
2025-07-01 20:55:31 - httpx - INFO - HTTP Request: POST https://lb.drpc.org/ogrpc?network=solana&dkey=AnFgx_WRKUErtPzty2EXGn4b8SFRU-oR8JQVrqRhf0fE "HTTP/1.1 200 OK"
2025-07-01 20:55:31 - httpx - INFO - HTTP Request: POST https://lb.drpc.org/ogrpc?network=solana&dkey=AnFgx_WRKUErtPzty2EXGn4b8SFRU-oR8JQVrqRhf0fE "HTTP/1.1 200 OK"
2025-07-01 20:55:31 - httpx - INFO - HTTP Request: POST https://lb.drpc.org/ogrpc?network=solana&dkey=AnFgx_WRKUErtPzty2EXGn4b8SFRU-oR8JQVrqRhf0fE "HTTP/1.1 200 OK"
2025-07-01 20:55:32 - httpx - INFO - HTTP Request: POST https://lb.drpc.org/ogrpc?network=solana&dkey=AnFgx_WRKUErtPzty2EXGn4b8SFRU-oR8JQVrqRhf0fE "HTTP/1.1 200 OK"
2025-07-01 20:55:32 - httpx - INFO - HTTP Request: POST https://lb.drpc.org/ogrpc?network=solana&dkey=AnFgx_WRKUErtPzty2EXGn4b8SFRU-oR8JQVrqRhf0fE "HTTP/1.1 200 OK"
2025-07-01 20:55:33 - httpx - INFO - HTTP Request: POST https://lb.drpc.org/ogrpc?network=solana&dkey=AnFgx_WRKUErtPzty2EXGn4b8SFRU-oR8JQVrqRhf0fE "HTTP/1.1 200 OK"
2025-07-01 20:55:33 - httpx - INFO - HTTP Request: POST https://lb.drpc.org/ogrpc?network=solana&dkey=AnFgx_WRKUErtPzty2EXGn4b8SFRU-oR8JQVrqRhf0fE "HTTP/1.1 200 OK"
2025-07-01 20:55:34 - httpx - INFO - HTTP Request: POST https://lb.drpc.org/ogrpc?network=solana&dkey=AnFgx_WRKUErtPzty2EXGn4b8SFRU-oR8JQVrqRhf0fE "HTTP/1.1 200 OK"
2025-07-01 20:55:34 - httpx - INFO - HTTP Request: POST https://lb.drpc.org/ogrpc?network=solana&dkey=AnFgx_WRKUErtPzty2EXGn4b8SFRU-oR8JQVrqRhf0fE "HTTP/1.1 200 OK"
2025-07-01 20:55:34 - httpx - INFO - HTTP Request: POST https://lb.drpc.org/ogrpc?network=solana&dkey=AnFgx_WRKUErtPzty2EXGn4b8SFRU-oR8JQVrqRhf0fE "HTTP/1.1 200 OK"
2025-07-01 20:55:34 - httpx - INFO - HTTP Request: POST https://lb.drpc.org/ogrpc?network=solana&dkey=AnFgx_WRKUErtPzty2EXGn4b8SFRU-oR8JQVrqRhf0fE "HTTP/1.1 200 OK"
2025-07-01 20:55:35 - httpx - INFO - HTTP Request: POST https://lb.drpc.org/ogrpc?network=solana&dkey=AnFgx_WRKUErtPzty2EXGn4b8SFRU-oR8JQVrqRhf0fE "HTTP/1.1 200 OK"
2025-07-01 20:55:35 - httpx - INFO - HTTP Request: POST https://lb.drpc.org/ogrpc?network=solana&dkey=AnFgx_WRKUErtPzty2EXGn4b8SFRU-oR8JQVrqRhf0fE "HTTP/1.1 200 OK"
2025-07-01 20:55:36 - httpx - INFO - HTTP Request: POST https://lb.drpc.org/ogrpc?network=solana&dkey=AnFgx_WRKUErtPzty2EXGn4b8SFRU-oR8JQVrqRhf0fE "HTTP/1.1 200 OK"
2025-07-01 20:55:36 - httpx - INFO - HTTP Request: POST https://lb.drpc.org/ogrpc?network=solana&dkey=AnFgx_WRKUErtPzty2EXGn4b8SFRU-oR8JQVrqRhf0fE "HTTP/1.1 200 OK"
2025-07-01 20:55:37 - httpx - INFO - HTTP Request: POST https://lb.drpc.org/ogrpc?network=solana&dkey=AnFgx_WRKUErtPzty2EXGn4b8SFRU-oR8JQVrqRhf0fE "HTTP/1.1 200 OK"
2025-07-01 20:55:37 - httpx - INFO - HTTP Request: POST https://lb.drpc.org/ogrpc?network=solana&dkey=AnFgx_WRKUErtPzty2EXGn4b8SFRU-oR8JQVrqRhf0fE "HTTP/1.1 200 OK"
2025-07-01 20:55:38 - httpx - INFO - HTTP Request: POST https://lb.drpc.org/ogrpc?network=solana&dkey=AnFgx_WRKUErtPzty2EXGn4b8SFRU-oR8JQVrqRhf0fE "HTTP/1.1 200 OK"
2025-07-01 20:55:38 - httpx - INFO - HTTP Request: POST https://lb.drpc.org/ogrpc?network=solana&dkey=AnFgx_WRKUErtPzty2EXGn4b8SFRU-oR8JQVrqRhf0fE "HTTP/1.1 200 OK"
2025-07-01 20:55:38 - httpx - INFO - HTTP Request: POST https://lb.drpc.org/ogrpc?network=solana&dkey=AnFgx_WRKUErtPzty2EXGn4b8SFRU-oR8JQVrqRhf0fE "HTTP/1.1 200 OK"
2025-07-01 20:55:38 - httpx - INFO - HTTP Request: POST https://lb.drpc.org/ogrpc?network=solana&dkey=AnFgx_WRKUErtPzty2EXGn4b8SFRU-oR8JQVrqRhf0fE "HTTP/1.1 200 OK"
2025-07-01 20:55:39 - httpx - INFO - HTTP Request: POST https://lb.drpc.org/ogrpc?network=solana&dkey=AnFgx_WRKUErtPzty2EXGn4b8SFRU-oR8JQVrqRhf0fE "HTTP/1.1 200 OK"
2025-07-01 20:55:39 - httpx - INFO - HTTP Request: POST https://lb.drpc.org/ogrpc?network=solana&dkey=AnFgx_WRKUErtPzty2EXGn4b8SFRU-oR8JQVrqRhf0fE "HTTP/1.1 200 OK"
2025-07-01 20:55:40 - httpx - INFO - HTTP Request: POST https://lb.drpc.org/ogrpc?network=solana&dkey=AnFgx_WRKUErtPzty2EXGn4b8SFRU-oR8JQVrqRhf0fE "HTTP/1.1 200 OK"
2025-07-01 20:55:40 - httpx - INFO - HTTP Request: POST https://lb.drpc.org/ogrpc?network=solana&dkey=AnFgx_WRKUErtPzty2EXGn4b8SFRU-oR8JQVrqRhf0fE "HTTP/1.1 200 OK"
2025-07-01 20:55:41 - httpx - INFO - HTTP Request: POST https://lb.drpc.org/ogrpc?network=solana&dkey=AnFgx_WRKUErtPzty2EXGn4b8SFRU-oR8JQVrqRhf0fE "HTTP/1.1 200 OK"
2025-07-01 20:55:41 - httpx - INFO - HTTP Request: POST https://lb.drpc.org/ogrpc?network=solana&dkey=AnFgx_WRKUErtPzty2EXGn4b8SFRU-oR8JQVrqRhf0fE "HTTP/1.1 200 OK"
2025-07-01 20:55:41 - httpx - INFO - HTTP Request: POST https://lb.drpc.org/ogrpc?network=solana&dkey=AnFgx_WRKUErtPzty2EXGn4b8SFRU-oR8JQVrqRhf0fE "HTTP/1.1 200 OK"
2025-07-01 20:55:42 - httpx - INFO - HTTP Request: POST https://lb.drpc.org/ogrpc?network=solana&dkey=AnFgx_WRKUErtPzty2EXGn4b8SFRU-oR8JQVrqRhf0fE "HTTP/1.1 200 OK"
2025-07-01 20:55:42 - httpx - INFO - HTTP Request: POST https://lb.drpc.org/ogrpc?network=solana&dkey=AnFgx_WRKUErtPzty2EXGn4b8SFRU-oR8JQVrqRhf0fE "HTTP/1.1 200 OK"
2025-07-01 20:55:43 - httpx - INFO - HTTP Request: POST https://lb.drpc.org/ogrpc?network=solana&dkey=AnFgx_WRKUErtPzty2EXGn4b8SFRU-oR8JQVrqRhf0fE "HTTP/1.1 200 OK"
2025-07-01 20:55:43 - httpx - INFO - HTTP Request: POST https://lb.drpc.org/ogrpc?network=solana&dkey=AnFgx_WRKUErtPzty2EXGn4b8SFRU-oR8JQVrqRhf0fE "HTTP/1.1 200 OK"
2025-07-01 20:55:43 - httpx - INFO - HTTP Request: POST https://lb.drpc.org/ogrpc?network=solana&dkey=AnFgx_WRKUErtPzty2EXGn4b8SFRU-oR8JQVrqRhf0fE "HTTP/1.1 200 OK"
2025-07-01 20:55:44 - httpx - INFO - HTTP Request: POST https://lb.drpc.org/ogrpc?network=solana&dkey=AnFgx_WRKUErtPzty2EXGn4b8SFRU-oR8JQVrqRhf0fE "HTTP/1.1 200 OK"
2025-07-01 20:55:44 - httpx - INFO - HTTP Request: POST https://lb.drpc.org/ogrpc?network=solana&dkey=AnFgx_WRKUErtPzty2EXGn4b8SFRU-oR8JQVrqRhf0fE "HTTP/1.1 200 OK"
2025-07-01 20:55:44 - httpx - INFO - HTTP Request: POST https://lb.drpc.org/ogrpc?network=solana&dkey=AnFgx_WRKUErtPzty2EXGn4b8SFRU-oR8JQVrqRhf0fE "HTTP/1.1 200 OK"
2025-07-01 20:55:45 - httpx - INFO - HTTP Request: POST https://lb.drpc.org/ogrpc?network=solana&dkey=AnFgx_WRKUErtPzty2EXGn4b8SFRU-oR8JQVrqRhf0fE "HTTP/1.1 200 OK"
2025-07-01 20:55:45 - httpx - INFO - HTTP Request: POST https://lb.drpc.org/ogrpc?network=solana&dkey=AnFgx_WRKUErtPzty2EXGn4b8SFRU-oR8JQVrqRhf0fE "HTTP/1.1 200 OK"
2025-07-01 20:55:46 - httpx - INFO - HTTP Request: POST https://lb.drpc.org/ogrpc?network=solana&dkey=AnFgx_WRKUErtPzty2EXGn4b8SFRU-oR8JQVrqRhf0fE "HTTP/1.1 200 OK"
2025-07-01 20:55:46 - httpx - INFO - HTTP Request: POST https://lb.drpc.org/ogrpc?network=solana&dkey=AnFgx_WRKUErtPzty2EXGn4b8SFRU-oR8JQVrqRhf0fE "HTTP/1.1 200 OK"
2025-07-01 20:55:47 - main - INFO - Received shutdown signal: 2
2025-07-01 20:55:47 - httpx - INFO - HTTP Request: POST https://lb.drpc.org/ogrpc?network=solana&dkey=AnFgx_WRKUErtPzty2EXGn4b8SFRU-oR8JQVrqRhf0fE "HTTP/1.1 200 OK"
2025-07-01 20:55:47 - main - INFO - Stopping Solana pump.fun sniping bot
2025-07-01 20:55:47 - strategy - INFO - Stopping strategy engine
2025-07-01 20:55:47 - main - INFO - ✓ Strategy engine stopped
2025-07-01 20:55:47 - event_processor - INFO - Stopping event processor
2025-07-01 20:55:47 - main - INFO - ✓ Event processor stopped
2025-07-01 20:55:47 - pump_monitor - INFO - Stopping pump.fun monitor
2025-07-01 20:55:47 - main - INFO - ✓ Pump monitor stopped
2025-07-01 20:55:47 - price_tracker - INFO - Stopping price tracker
2025-07-01 20:55:47 - main - INFO - ✓ Price tracker stopped
2025-07-01 20:55:47 - volume_analyzer - INFO - Stopping volume analyzer
2025-07-01 20:55:47 - main - INFO - ✓ Volume analyzer stopped
2025-07-01 20:55:47 - wallet_tracker - INFO - Stopping wallet tracker
2025-07-01 20:55:47 - main - INFO - ✓ Wallet tracker stopped
2025-07-01 20:55:47 - main - INFO - ✓ UI stopped
2025-07-01 20:55:47 - main - INFO - Bot stopped successfully
