2025-07-01 10:16:17 - src.utils.logger - INFO - Logging initialized - Level: INFO, File: C:\Users\JJ\Desktop\Clide-Bot\logs\pump_bot.log
2025-07-01 10:16:17 - main - INFO - ============================================================
2025-07-01 10:16:17 - main - INFO - Starting Solana pump.fun sniping bot
2025-07-01 10:16:17 - main - INFO - ============================================================
2025-07-01 10:16:17 - config - INFO - Loaded settings from C:\Users\JJ\Desktop\Clide-Bot\src\utils\../../config\settings.json
2025-07-01 10:16:17 - config - INFO - Loaded wallet data from C:\Users\JJ\Desktop\Clide-Bot\src\utils\../../config\wallet.json
2025-07-01 10:16:17 - config - INFO - Loaded sell strategy from C:\Users\JJ\Desktop\Clide-Bot\src\utils\../../config\sell_strategy.yaml
2025-07-01 10:16:17 - config - INFO - All configurations loaded successfully
2025-07-01 10:16:17 - main - INFO - Configurations loaded successfully
2025-07-01 10:16:18 - main - ERROR - Error starting bot: cannot import name 'TradingSettings' from 'src.utils.config' (C:\Users\JJ\Desktop\Clide-Bot\src\utils\config.py) | exc_info=True | error_count=1
Traceback (most recent call last):
  File "C:\Users\JJ\Desktop\Clide-Bot\src\main.py", line 54, in start_bot
    from src.trading.strategy_engine import initialize_strategy_engine
  File "C:\Users\JJ\Desktop\Clide-Bot\src\trading\strategy_engine.py", line 11, in <module>
    from src.utils.config import config_manager, TradingSettings
ImportError: cannot import name 'TradingSettings' from 'src.utils.config' (C:\Users\JJ\Desktop\Clide-Bot\src\utils\config.py)
2025-07-01 10:20:35 - main - INFO - Received shutdown signal: 2
2025-07-01 10:20:35 - main - INFO - ============================================================
2025-07-01 10:20:35 - main - INFO - Stopping Solana pump.fun sniping bot...
2025-07-01 10:20:35 - main - WARNING - Some components could not be imported for shutdown: cannot import name 'TradingSettings' from 'src.utils.config' (C:\Users\JJ\Desktop\Clide-Bot\src\utils\config.py)
2025-07-01 10:20:35 - main - INFO - Bot stopped successfully
2025-07-01 10:20:35 - main - INFO - ============================================================
2025-07-01 10:20:35 - asyncio - ERROR - Task exception was never retrieved
future: <Task finished name='Task-2' coro=<start_bot() done, defined at C:\Users\JJ\Desktop\Clide-Bot\src\main.py:40> exception=ImportError("cannot import name 'TradingSettings' from 'src.utils.config' (C:\\Users\\JJ\\Desktop\\Clide-Bot\\src\\utils\\config.py)")>
Traceback (most recent call last):
  File "C:\Users\JJ\Desktop\Clide-Bot\src\main.py", line 54, in start_bot
    from src.trading.strategy_engine import initialize_strategy_engine
  File "C:\Users\JJ\Desktop\Clide-Bot\src\trading\strategy_engine.py", line 11, in <module>
    from src.utils.config import config_manager, TradingSettings
ImportError: cannot import name 'TradingSettings' from 'src.utils.config' (C:\Users\JJ\Desktop\Clide-Bot\src\utils\config.py)
2025-07-01 10:20:46 - src.utils.logger - INFO - Logging initialized - Level: INFO, File: C:\Users\JJ\Desktop\Clide-Bot\logs\pump_bot.log
2025-07-01 10:20:46 - main - INFO - ============================================================
2025-07-01 10:20:46 - main - INFO - Starting Solana pump.fun sniping bot
2025-07-01 10:20:46 - main - INFO - ============================================================
2025-07-01 10:20:46 - config - INFO - Loaded settings from C:\Users\JJ\Desktop\Clide-Bot\src\utils\../../config\settings.json
2025-07-01 10:20:46 - config - INFO - Loaded wallet data from C:\Users\JJ\Desktop\Clide-Bot\src\utils\../../config\wallet.json
2025-07-01 10:20:46 - config - INFO - Loaded sell strategy from C:\Users\JJ\Desktop\Clide-Bot\src\utils\../../config\sell_strategy.yaml
2025-07-01 10:20:46 - config - INFO - All configurations loaded successfully
2025-07-01 10:20:46 - main - INFO - Configurations loaded successfully
2025-07-01 10:20:47 - main - ERROR - Error starting bot: No module named 'src.monitoring.position_tracker' | exc_info=True | error_count=1
Traceback (most recent call last):
  File "C:\Users\JJ\Desktop\Clide-Bot\src\main.py", line 54, in start_bot
    from src.trading.strategy_engine import initialize_strategy_engine
  File "C:\Users\JJ\Desktop\Clide-Bot\src\trading\strategy_engine.py", line 15, in <module>
    from src.monitoring.position_tracker import position_tracker
ModuleNotFoundError: No module named 'src.monitoring.position_tracker'
2025-07-01 10:21:01 - main - INFO - Received shutdown signal: 2
2025-07-01 10:21:01 - main - INFO - ============================================================
2025-07-01 10:21:01 - main - INFO - Stopping Solana pump.fun sniping bot...
2025-07-01 10:21:01 - main - WARNING - Some components could not be imported for shutdown: No module named 'src.monitoring.position_tracker'
2025-07-01 10:21:01 - main - INFO - Bot stopped successfully
2025-07-01 10:21:01 - main - INFO - ============================================================
2025-07-01 10:21:01 - asyncio - ERROR - Task exception was never retrieved
future: <Task finished name='Task-2' coro=<start_bot() done, defined at C:\Users\JJ\Desktop\Clide-Bot\src\main.py:40> exception=ModuleNotFoundError("No module named 'src.monitoring.position_tracker'")>
Traceback (most recent call last):
  File "C:\Users\JJ\Desktop\Clide-Bot\src\main.py", line 54, in start_bot
    from src.trading.strategy_engine import initialize_strategy_engine
  File "C:\Users\JJ\Desktop\Clide-Bot\src\trading\strategy_engine.py", line 15, in <module>
    from src.monitoring.position_tracker import position_tracker
ModuleNotFoundError: No module named 'src.monitoring.position_tracker'
2025-07-01 10:23:20 - src.utils.logger - INFO - Logging initialized - Level: INFO, File: C:\Users\JJ\Desktop\Clide-Bot\logs\pump_bot.log
2025-07-01 10:23:20 - main - INFO - ============================================================
2025-07-01 10:23:20 - main - INFO - Starting Solana pump.fun sniping bot
2025-07-01 10:23:20 - main - INFO - ============================================================
2025-07-01 10:23:20 - config - INFO - Loaded settings from C:\Users\JJ\Desktop\Clide-Bot\src\utils\../../config\settings.json
2025-07-01 10:23:20 - config - INFO - Loaded wallet data from C:\Users\JJ\Desktop\Clide-Bot\src\utils\../../config\wallet.json
2025-07-01 10:23:20 - config - INFO - Loaded sell strategy from C:\Users\JJ\Desktop\Clide-Bot\src\utils\../../config\sell_strategy.yaml
2025-07-01 10:23:20 - config - INFO - All configurations loaded successfully
2025-07-01 10:23:20 - main - INFO - Configurations loaded successfully
2025-07-01 10:23:21 - position_tracker - INFO - Position tracker initialized
2025-07-01 10:23:21 - main - INFO - Initializing components...
2025-07-01 10:23:21 - main - INFO - ✓ Strategy engine initialized
2025-07-01 10:23:21 - main - INFO - ✓ Transaction builder initialized
2025-07-01 10:23:23 - connection - INFO - Connection manager initialized with 1 RPC endpoints
2025-07-01 10:23:24 - httpx - INFO - HTTP Request: POST https://lb.drpc.org/ogrpc?network=solana&dkey=AnFgx_WRKUErtPzty2EXGn4b8SFRU-oR8JQVrqRhf0fE "HTTP/1.1 200 OK"
2025-07-01 10:23:25 - httpx - INFO - HTTP Request: POST https://lb.drpc.org/ogrpc?network=solana&dkey=AnFgx_WRKUErtPzty2EXGn4b8SFRU-oR8JQVrqRhf0fE "HTTP/1.1 200 OK"
2025-07-01 10:23:25 - connection - INFO - Connected to RPC endpoint: https://lb.drpc.org/ogrpc?network=solana&dkey=AnFgx_WRKUErtPzty2EXGn4b8SFRU-oR8JQVrqRhf0fE
2025-07-01 10:23:25 - main - INFO - ✓ Connection manager initialized
2025-07-01 10:23:25 - httpx - INFO - HTTP Request: POST https://lb.drpc.org/ogrpc?network=solana&dkey=AnFgx_WRKUErtPzty2EXGn4b8SFRU-oR8JQVrqRhf0fE "HTTP/1.1 200 OK"
2025-07-01 10:23:25 - wallet - INFO - Keypair loaded successfully | public_key=4qwCAzrjLjGBBGdWVZt6gzdbz2Vh7gW8dxXVX9oa7nC2
2025-07-01 10:23:25 - wallet - INFO - Wallet manager initialized | public_key=4qwCAzrjLjGBBGdWVZt6gzdbz2Vh7gW8dxXVX9oa7nC2
2025-07-01 10:23:25 - httpx - INFO - HTTP Request: POST https://lb.drpc.org/ogrpc?network=solana&dkey=AnFgx_WRKUErtPzty2EXGn4b8SFRU-oR8JQVrqRhf0fE "HTTP/1.1 200 OK"
2025-07-01 10:23:25 - main - INFO - ✓ Wallet initialized. Balance: 0.002841 SOL
2025-07-01 10:23:25 - wallet_tracker - INFO - WalletTracker initialized - tracking 1 wallet(s)
2025-07-01 10:23:25 - main - INFO - ✓ Monitoring components initialized
2025-07-01 10:23:25 - event_processor - INFO - Event processor instance created
2025-07-01 10:23:25 - main - INFO - ✓ Event processor initialized
2025-07-01 10:23:25 - main - INFO - ✓ CLI UI initialized
2025-07-01 10:23:25 - main - INFO - Registering callbacks...
2025-07-01 10:23:25 - main - ERROR - Error starting bot: 'StrategyEngine' object has no attribute 'evaluate_new_token' | exc_info=True | error_count=1
Traceback (most recent call last):
  File "C:\Users\JJ\Desktop\Clide-Bot\src\main.py", line 108, in start_bot
    event_processor.register_new_token_callback(strategy_engine.evaluate_new_token)
                                                ^^^^^^^^^^^^^^^^^^^^^^^^^^^^^^^^^^
AttributeError: 'StrategyEngine' object has no attribute 'evaluate_new_token'
2025-07-01 10:23:31 - main - INFO - Received shutdown signal: 2
2025-07-01 10:23:31 - main - INFO - ============================================================
2025-07-01 10:23:31 - main - INFO - Stopping Solana pump.fun sniping bot...
2025-07-01 10:23:31 - main - INFO - ✓ UI stopped
2025-07-01 10:23:31 - main - ERROR - Error stopping Strategy Engine: 'StrategyEngine' object has no attribute 'stop' | error_count=2
2025-07-01 10:23:31 - event_processor - INFO - Stopping event processor
2025-07-01 10:23:31 - main - INFO - ✓ Event Processor stopped
2025-07-01 10:23:31 - wallet_tracker - INFO - Wallet tracker stopped
2025-07-01 10:23:31 - main - INFO - ✓ Wallet Tracker stopped
2025-07-01 10:23:31 - volume_analyzer - INFO - Stopping volume analyzer
2025-07-01 10:23:31 - main - INFO - ✓ Volume Analyzer stopped
2025-07-01 10:23:31 - price_tracker - INFO - Stopping price tracker
2025-07-01 10:23:31 - main - INFO - ✓ Price Tracker stopped
2025-07-01 10:23:31 - pump_monitor - INFO - Stopping pump.fun monitor
2025-07-01 10:23:31 - main - INFO - ✓ Pump Monitor stopped
2025-07-01 10:23:32 - httpx - INFO - HTTP Request: POST https://lb.drpc.org/ogrpc?network=solana&dkey=AnFgx_WRKUErtPzty2EXGn4b8SFRU-oR8JQVrqRhf0fE "HTTP/1.1 200 OK"
2025-07-01 10:23:32 - connection - INFO - All connections closed
2025-07-01 10:23:32 - main - INFO - ✓ Connection Manager stopped
2025-07-01 10:23:32 - main - INFO - Bot stopped successfully
2025-07-01 10:23:32 - main - INFO - ============================================================
2025-07-01 10:23:32 - asyncio - ERROR - Task exception was never retrieved
future: <Task finished name='Task-2' coro=<start_bot() done, defined at C:\Users\JJ\Desktop\Clide-Bot\src\main.py:40> exception=AttributeError("'StrategyEngine' object has no attribute 'evaluate_new_token'")>
Traceback (most recent call last):
  File "C:\Users\JJ\Desktop\Clide-Bot\src\main.py", line 108, in start_bot
    event_processor.register_new_token_callback(strategy_engine.evaluate_new_token)
                                                ^^^^^^^^^^^^^^^^^^^^^^^^^^^^^^^^^^
AttributeError: 'StrategyEngine' object has no attribute 'evaluate_new_token'
